<?xml version="1.0" encoding="UTF-8"?>
<!-- Generated by org.testng.reporters.JUnitReportReporter -->
<testsuite hostname="BLR-SHARATH" name="com.autoframework.test.Shipwreck_e2e_test_2" tests="1" failures="0" timestamp="8 Nov 2016 09:53:39 GMT" time="22.723" errors="0">
  <testcase name="AddShipWreckTest" time="22.723" classname="com.autoframework.test.Shipwreck_e2e_test_2"/>
</testsuite> <!-- com.autoframework.test.Shipwreck_e2e_test_2 -->
