<?xml version="1.0" encoding="UTF-8"?>
<!-- Generated by org.testng.reporters.JUnitReportReporter -->
<testsuite hostname="BLR-SHARATH" name="com.autoframework.test.Shipwreck_e2e_test_1" tests="1" failures="0" timestamp="8 Nov 2016 09:53:39 GMT" time="10.219" errors="0">
  <testcase name="HomePageTest" time="10.219" classname="com.autoframework.test.Shipwreck_e2e_test_1"/>
</testsuite> <!-- com.autoframework.test.Shipwreck_e2e_test_1 -->
