<?xml version="1.0" encoding="UTF-8"?>
<!-- Generated by org.testng.reporters.JUnitReportReporter -->
<testsuite hostname="BLR-SHARATH" name="com.autoframework.test.test2" tests="1" failures="0" timestamp="5 Nov 2016 10:33:47 GMT" time="15.771" errors="0">
  <testcase name="mainTest" time="15.771" classname="com.autoframework.test.test2"/>
</testsuite> <!-- com.autoframework.test.test2 -->
