<?xml version="1.0" encoding="UTF-8"?>
<!-- Generated by org.testng.reporters.JUnitReportReporter -->
<testsuite hostname="BLR-SHARATH" name="com.autoframework.test.test3" tests="1" failures="0" timestamp="7 Nov 2016 11:59:22 GMT" time="12.361" errors="0">
  <testcase name="loginTest" time="12.361" classname="com.autoframework.test.test3"/>
</testsuite> <!-- com.autoframework.test.test3 -->
